<?xml version="1.0" encoding="UTF-8"?>
<testng-results ignored="0" total="1" passed="1" failed="0" skipped="0">
  <reporter-output>
  </reporter-output>
  <suite started-at="2025-04-30T17:08:53 EDT" name="Default suite" finished-at="2025-04-30T17:08:57 EDT" duration-ms="3762">
    <groups>
    </groups>
    <test started-at="2025-04-30T17:08:53 EDT" name="Default test" finished-at="2025-04-30T17:08:57 EDT" duration-ms="3762">
      <class name="testCases.LoginTest">
        <test-method is-config="true" signature="setup(java.lang.String)[pri:0, instance:testCases.LoginTest@762ef0ea]" started-at="2025-04-30T17:08:53 EDT" name="setup" finished-at="2025-04-30T17:08:56 EDT" duration-ms="2802" status="PASS">
          <params>
            <param index="0">
              <value>
                <![CDATA[chrome]]>
              </value>
            </param>
          </params>
          <reporter-output>
          </reporter-output>
        </test-method> <!-- setup -->
        <test-method signature="loginModuleTest()[pri:0, instance:testCases.LoginTest@762ef0ea]" started-at="2025-04-30T17:08:56 EDT" name="loginModuleTest" finished-at="2025-04-30T17:08:57 EDT" duration-ms="728" status="PASS">
          <reporter-output>
          </reporter-output>
        </test-method> <!-- loginModuleTest -->
        <test-method is-config="true" signature="tearDown()[pri:0, instance:testCases.LoginTest@762ef0ea]" started-at="2025-04-30T17:08:57 EDT" name="tearDown" finished-at="2025-04-30T17:08:57 EDT" duration-ms="201" status="PASS">
          <reporter-output>
          </reporter-output>
        </test-method> <!-- tearDown -->
      </class> <!-- testCases.LoginTest -->
    </test> <!-- Default test -->
  </suite> <!-- Default suite -->
</testng-results>
