<?xml version="1.0" encoding="UTF-8"?>
<!-- Generated by org.testng.reporters.JUnitXMLReporter -->
<testsuite ignored="0" hostname="DESKTOP-U6SD37V" failures="1" tests="1" name="Chrome Test" time="5.39" errors="0" timestamp="2025-01-07T21:12:21 EST">
  <testcase classname="testCases.LoginTest" name="testLogin" time="1.556">
    <failure type="java.lang.AssertionError" message="The following asserts failed:
	Tab is not highlighted: BOOKS
COMPUTERS
ELECTRONICS
APPAREL &amp;amp; SHOES
DIGITAL DOWNLOADS
JEWELRY
GIFT CARDS expected [true] but found [false]">
      <![CDATA[java.lang.AssertionError: The following asserts failed:
Tab is not highlighted: BOOKS
COMPUTERS
ELECTRONICS
APPAREL & SHOES
DIGITAL DOWNLOADS
JEWELRY
GIFT CARDS expected [true] but found [false]
at testCases.LoginTest.testLogin(LoginTest.java:41)
at java.base/java.util.ArrayList.forEach(ArrayList.java:1596)
... Removed 27 stack frames]]>
    </failure>
  </testcase> <!-- testLogin -->
</testsuite> <!-- Chrome Test -->
