<?xml version="1.0" encoding="UTF-8"?>
<testng-results ignored="0" total="1" passed="1" failed="0" skipped="0">
  <reporter-output>
  </reporter-output>
  <suite started-at="2025-01-15T10:07:28 EST" name="Surefire suite" finished-at="2025-01-15T10:07:34 EST" duration-ms="6328">
    <groups>
    </groups>
    <test started-at="2025-01-15T10:07:28 EST" name="Surefire test" finished-at="2025-01-15T10:07:34 EST" duration-ms="6328">
      <class name="testCases.HomePageTest">
        <test-method is-config="true" signature="setup(java.lang.String)[pri:0, instance:testCases.HomePageTest@5c5eefef]" started-at="2025-01-15T10:07:28 EST" name="setup" finished-at="2025-01-15T10:07:32 EST" duration-ms="4133" status="PASS">
          <params>
            <param index="0">
              <value>
                <![CDATA[chrome]]>
              </value>
            </param>
          </params>
          <reporter-output>
          </reporter-output>
        </test-method> <!-- setup -->
        <test-method is-config="true" signature="userSetup()[pri:0, instance:testCases.HomePageTest@5c5eefef]" started-at="2025-01-15T10:07:32 EST" name="userSetup" finished-at="2025-01-15T10:07:32 EST" duration-ms="3" status="PASS">
          <reporter-output>
          </reporter-output>
        </test-method> <!-- userSetup -->
        <test-method signature="testLogin()[pri:0, instance:testCases.HomePageTest@5c5eefef]" started-at="2025-01-15T10:07:32 EST" name="testLogin" finished-at="2025-01-15T10:07:34 EST" duration-ms="1943" status="PASS">
          <reporter-output>
          </reporter-output>
        </test-method> <!-- testLogin -->
        <test-method is-config="true" signature="tearDown()[pri:0, instance:testCases.HomePageTest@5c5eefef]" started-at="2025-01-15T10:07:34 EST" name="tearDown" finished-at="2025-01-15T10:07:34 EST" duration-ms="185" status="PASS">
          <reporter-output>
          </reporter-output>
        </test-method> <!-- tearDown -->
      </class> <!-- testCases.HomePageTest -->
    </test> <!-- Surefire test -->
  </suite> <!-- Surefire suite -->
</testng-results>
